{
  "RSpec": {
    "coverage": {
      "/Users/BrynWilliams/Projects/own/Coaching/spec/features/web_helpers.rb": {
        "lines": [
          1,
          0,
          0,
          null,
          null,
          1,
          0,
          0,
          0,
          0,
          0,
          null,
          null,
          1,
          0,
          null
        ]
      },
      "/Users/BrynWilliams/Projects/own/Coaching/app.rb": {
        "lines": [
          1,
          1,
          1,
          1,
          null,
          null,
          1,
          null,
          null,
          null,
          1,
          1,
          1,
          null,
          null,
          1,
          1,
          null,
          1,
          0,
          null,
          null,
          1,
          0,
          null,
          null,
          1,
          0,
          null,
          null,
          null
        ]
      },
      "/Users/BrynWilliams/Projects/own/Coaching/database_connection_setup.rb": {
        "lines": [
          null,
          null,
          1,
          null,
          1,
          1,
          null,
          1,
          1,
          1,
          null,
          0,
          null
        ]
      },
      "/Users/BrynWilliams/Projects/own/Coaching/lib/database_connection.rb": {
        "lines": [
          null,
          null,
          1,
          null,
          null,
          1,
          1,
          1,
          null,
          null,
          1,
          0,
          null,
          null,
          1,
          21,
          null,
          null
        ]
      },
      "/Users/BrynWilliams/Projects/own/Coaching/lib/user.rb": {
        "lines": [
          null,
          null,
          1,
          null,
          null,
          1,
          null,
          1,
          2,
          2,
          0,
          null,
          2,
          null,
          null,
          null,
          null,
          1,
          0,
          null,
          null,
          null,
          1,
          1,
          1,
          null,
          null,
          1,
          0,
          0,
          0,
          null,
          0,
          null,
          null,
          null
        ]
      },
      "/Users/BrynWilliams/Projects/own/Coaching/spec/user_spec.rb": {
        "lines": [
          null,
          null,
          1,
          null,
          1,
          1,
          1,
          1,
          1,
          1,
          null,
          null,
          1,
          1,
          1,
          1,
          null,
          null,
          null,
          1,
          1,
          1,
          1,
          1,
          null,
          null,
          null
        ]
      }
    },
    "timestamp": 1642074621
  }
}
